Extension "Dia Input" failed to load because a dependency was not met.
Dependency:
  type: executable
  location: extensions
  string: dia2svg.sh
  description: The dia2svg.sh script should be installed with your Inkscape distribution.  If you do not have it, there is likely to be something wrong with your Inkscape installation.

Extension "Dia Input" failed to load because a dependency was not met.
Dependency:
  type: executable
  location: path
  string: dia
  description: In order to import Dia files, Dia itself must be installed.  You can get Dia at http://live.gnome.org/Dia

Extension "DXF Output" failed to load because a dependency was not met.
Dependency:
  type: executable
  location: extensions
  string: ps2dxf.sh

Extension "DXF Output" failed to load because a dependency was not met.
Dependency:
  type: executable
  location: path
  string: pstoedit
  description: pstoedit must be installed to run; see http://www.pstoedit.net/pstoedit

Extension "LaTeX formula" failed to load because a dependency was not met.
Dependency:
  type: executable
  location: path
  string: pstoedit

Extension "XFIG Input" failed to load because a dependency was not met.
Dependency:
  type: executable
  location: path
  string: fig2dev

Extension "GIMP XCF" failed to load because a dependency was not met.
Dependency:
  type: executable
  location: path
  string: gimp

Extension "Sketch Input" failed to load because a dependency was not met.
Dependency:
  type: executable
  location: extensions
  string: sk2svg.sh

Extension "Sketch Input" failed to load because a dependency was not met.
Dependency:
  type: executable
  location: path
  string: skconvert

